<?xml version="1.0" encoding="UTF-8"?>
<testsuite name="ru.clevertec.StringUtilsTest" tests="1" skipped="0" failures="0" errors="0" timestamp="2023-02-12T20:58:28" hostname="ZENBOOK325" time="0.018">
  <properties/>
  <testcase name="isPositiveNumber_ifNumberNotPositive_returnFalse()" classname="ru.clevertec.StringUtilsTest" time="0.018"/>
  <system-out><![CDATA[]]></system-out>
  <system-err><![CDATA[]]></system-err>
</testsuite>
